<?xml version="1.0" encoding="UTF-8"?>
<testng-results ignored="0" total="6" passed="6" failed="0" skipped="0">
  <reporter-output>
  </reporter-output>
  <suite started-at="2022-02-22T17:07:00 IST" name="Suite" finished-at="2022-02-22T17:07:00 IST" duration-ms="111">
    <groups>
    </groups>
    <test started-at="2022-02-22T17:07:00 IST" name="Test" finished-at="2022-02-22T17:07:00 IST" duration-ms="111">
      <class name="qatestings.AppiumTest">
        <test-method signature="IOSApps()[pri:0, instance:qatestings.AppiumTest@2e4b8173]" started-at="2022-02-22T17:07:00 IST" name="IOSApps" finished-at="2022-02-22T17:07:00 IST" duration-ms="0" status="PASS">
          <reporter-output>
          </reporter-output>
        </test-method> <!-- IOSApps -->
        <test-method signature="nativeAppsAndroid()[pri:0, instance:qatestings.AppiumTest@2e4b8173]" started-at="2022-02-22T17:07:00 IST" name="nativeAppsAndroid" finished-at="2022-02-22T17:07:00 IST" duration-ms="1" status="PASS">
          <reporter-output>
          </reporter-output>
        </test-method> <!-- nativeAppsAndroid -->
      </class> <!-- qatestings.AppiumTest -->
      <class name="qatestings.SeleniumTest">
        <test-method signature="browserAutomation()[pri:0, instance:qatestings.SeleniumTest@3c419631]" started-at="2022-02-22T17:07:00 IST" name="browserAutomation" finished-at="2022-02-22T17:07:00 IST" duration-ms="9" status="PASS">
          <reporter-output>
          </reporter-output>
        </test-method> <!-- browserAutomation -->
        <test-method signature="elementsUI()[pri:0, instance:qatestings.SeleniumTest@3c419631]" started-at="2022-02-22T17:07:00 IST" name="elementsUI" finished-at="2022-02-22T17:07:00 IST" duration-ms="1" status="PASS">
          <reporter-output>
          </reporter-output>
        </test-method> <!-- elementsUI -->
      </class> <!-- qatestings.SeleniumTest -->
      <class name="qatestings.RSETAPITest">
        <test-method signature="deleteTwitter()[pri:0, instance:qatestings.RSETAPITest@72a7c7e0]" started-at="2022-02-22T17:07:00 IST" name="deleteTwitter" finished-at="2022-02-22T17:07:00 IST" duration-ms="1" status="PASS">
          <reporter-output>
          </reporter-output>
        </test-method> <!-- deleteTwitter -->
        <test-method signature="postJira()[pri:0, instance:qatestings.RSETAPITest@72a7c7e0]" started-at="2022-02-22T17:07:00 IST" name="postJira" finished-at="2022-02-22T17:07:00 IST" duration-ms="1" status="PASS">
          <reporter-output>
          </reporter-output>
        </test-method> <!-- postJira -->
      </class> <!-- qatestings.RSETAPITest -->
    </test> <!-- Test -->
  </suite> <!-- Suite -->
</testng-results>
