<?xml version="1.0" encoding="UTF-8"?>
<!-- Generated by org.testng.reporters.JUnitXMLReporter -->
<testsuite ignored="0" hostname="DESKTOP-I0CK1RU" failures="0" tests="6" name="Test" time="0.111" errors="0" timestamp="2022-02-22T17:07:00 IST">
  <testcase classname="qatestings.SeleniumTest" name="browserAutomation" time="0.009"/>
  <testcase classname="qatestings.SeleniumTest" name="elementsUI" time="0.001"/>
  <testcase classname="qatestings.RSETAPITest" name="deleteTwitter" time="0.001"/>
  <testcase classname="qatestings.RSETAPITest" name="postJira" time="0.001"/>
  <testcase classname="qatestings.AppiumTest" name="IOSApps" time="0.0"/>
  <testcase classname="qatestings.AppiumTest" name="nativeAppsAndroid" time="0.001"/>
</testsuite> <!-- Test -->
